══════════════════════════════════════════════════════════════
Grace E2E Record
══════════════════════════════════════════════════════════════
phase:       phase5
recorded_at: 20260713T220435Z (UTC)
git_branch:  backend-dev
git_sha:     98cf1b13f5925079d17cf1750f9ab2c4663a7eba
git_sha_short: 98cf1b1
git_tree:    dirty
node:        v25.6.1
platform:    Darwin 24.6.0 arm64
cwd:         /Users/siddhant/Desktop/CS/grace-expo-sid/backend
command:     npm run verify:phase5
DATABASE_URL: postgresql://grace:grace@localhost:5433/grace
STAGING_API_URL: <not set>
JWT_SECRET:  <default test secret>
──────────────────────────────────────────────────────────────


> grace-api@0.1.0 verify:phase5
> bash scripts/verify-phase5.sh

=== Grace Phase 5 E2E Verification ===
[1/4] Phase 4 prerequisite
 Container backend-postgres-1  Running
 Container backend-postgres-1  Waiting
 Container backend-postgres-1  Healthy
warn The configuration property `package.json#prisma` is deprecated and will be removed in Prisma 7. Please migrate to a Prisma config file (e.g., `prisma.config.ts`).
For more information, see: https://pris.ly/prisma-config

warn The configuration property `package.json#prisma` is deprecated and will be removed in Prisma 7. Please migrate to a Prisma config file (e.g., `prisma.config.ts`).
For more information, see: https://pris.ly/prisma-config

warn The configuration property `package.json#prisma` is deprecated and will be removed in Prisma 7. Please migrate to a Prisma config file (e.g., `prisma.config.ts`).
For more information, see: https://pris.ly/prisma-config

./scripts/verify-phase1.sh: line 12: 57601 Terminated: 15          node dist/index.js
warn The configuration property `package.json#prisma` is deprecated and will be removed in Prisma 7. Please migrate to a Prisma config file (e.g., `prisma.config.ts`).
For more information, see: https://pris.ly/prisma-config

warn The configuration property `package.json#prisma` is deprecated and will be removed in Prisma 7. Please migrate to a Prisma config file (e.g., `prisma.config.ts`).
For more information, see: https://pris.ly/prisma-config

./scripts/verify-phase2.sh: line 12: 57756 Terminated: 15          node dist/index.js
warn The configuration property `package.json#prisma` is deprecated and will be removed in Prisma 7. Please migrate to a Prisma config file (e.g., `prisma.config.ts`).
For more information, see: https://pris.ly/prisma-config

./scripts/verify-phase3.sh: line 12: 58249 Terminated: 15          node dist/index.js
warn The configuration property `package.json#prisma` is deprecated and will be removed in Prisma 7. Please migrate to a Prisma config file (e.g., `prisma.config.ts`).
For more information, see: https://pris.ly/prisma-config

./scripts/verify-phase4.sh: line 12: 58486 Terminated: 15          node dist/index.js
  ✅ phase4 prerequisite
[2/4] Integration tests

> grace-api@0.1.0 test
> tsx --test test/**/*.test.ts

▶ Phase 1 — database schema (SEL-9)
  ✔ all required tables exist (16.899292ms)
  ✔ user + profile roundtrip (9.960583ms)
✔ Phase 1 — database schema (SEL-9) (49.747583ms)
▶ Phase 1 — KJV seed (SEL-8 / SEL-11)
  ✔ Psalms 23 has 6 verses (13.302166ms)
  ✔ verse text matches known KJV opening (1.645958ms)
✔ Phase 1 — KJV seed (SEL-8 / SEL-11) (15.379833ms)
▶ Phase 2 — scripture HTTP (SEL-12)
  ✔ GET /bible/psalms/23 returns 6 verses (12.509208ms)
  ✔ GET /bible/passage?ref=John+3:16 returns text (2.592792ms)
  ✔ GET /today/verse is stable for UTC day (2.147959ms)
  ✔ GET /verse/for-carrying?tags=Worry maps to Philippians (1.250833ms)
  ✔ GET /bible/unknown/99 returns 404 (0.484375ms)
✔ Phase 2 — scripture HTTP (SEL-12) (73.499834ms)
▶ Phase 2 — guest JWT auth (SEL-10)
  ✔ POST /auth/guest creates session (10.073542ms)
  ✔ same deviceId returns same user id (6.80525ms)
  ✔ GET /me returns 401 without token (0.365625ms)
  ✔ GET /me returns user with valid token (6.499ms)
  ✔ POST /auth/refresh returns new session (4.161167ms)
✔ Phase 2 — guest JWT auth (SEL-10) (30.388541ms)
▶ Phase 3 — profile & library CRUD (SEL-14)
  ✔ PATCH /me updates name and profile fields (10.116125ms)
  ✔ full guest → save → list → delete flow (6.225959ms)
  ✔ POST /reflections and GET /reflections (3.416083ms)
  ✔ PUT /progress and GET /progress (3.570416ms)
✔ Phase 3 — profile & library CRUD (SEL-14) (100.479042ms)
▶ Phase 4 — scripture search (SEL-13)
  ✔ empty query returns empty arrays (8.050833ms)
  ✔ ?q=peace returns OT and NT hits (5.2035ms)
  ✔ search responds under 500ms on sample data (2.246458ms)
✔ Phase 4 — scripture search (SEL-13) (71.745959ms)
▶ Phase 5 — beta entitlement (SEL-16)
  ✔ new user defaults to subscribed false (5.864125ms)
  ✔ POST /beta/redeem with valid code sets subscribed true (6.156042ms)
  ✔ POST /beta/redeem rejects invalid code (0.759917ms)
✔ Phase 5 — beta entitlement (SEL-16) (92.847ms)
ℹ tests 24
ℹ suites 7
ℹ pass 24
ℹ fail 0
ℹ cancelled 0
ℹ skipped 0
ℹ todo 0
ℹ duration_ms 310.476875
  ✅ npm test
[3/4] Beta redeem HTTP

> grace-api@0.1.0 build
> prisma generate && tsc

warn The configuration property `package.json#prisma` is deprecated and will be removed in Prisma 7. Please migrate to a Prisma config file (e.g., `prisma.config.ts`).
For more information, see: https://pris.ly/prisma-config

Prisma schema loaded from prisma/schema.prisma

✔ Generated Prisma Client (v6.19.3) to ./node_modules/@prisma/client in 40ms

Start by importing your Prisma Client (See: https://pris.ly/d/importing-client)

Tip: Want to turn off tips and other hints? https://pris.ly/tip-4-nohints

{"level":30,"time":1783980306409,"pid":58684,"hostname":"Siddhants-MacBook-Pro.local","msg":"Server listening at http://127.0.0.1:3000"}
{"level":30,"time":1783980306410,"pid":58684,"hostname":"Siddhants-MacBook-Pro.local","msg":"Server listening at http://192.168.1.156:3000"}
{"level":30,"time":1783980308025,"pid":58684,"hostname":"Siddhants-MacBook-Pro.local","reqId":"req-1","req":{"method":"POST","url":"/auth/guest","host":"127.0.0.1:3000","remoteAddress":"127.0.0.1","remotePort":64783},"msg":"incoming request"}
{"level":30,"time":1783980308068,"pid":58684,"hostname":"Siddhants-MacBook-Pro.local","reqId":"req-1","res":{"statusCode":200},"responseTime":42.43404200000009,"msg":"request completed"}
{"level":30,"time":1783980308245,"pid":58684,"hostname":"Siddhants-MacBook-Pro.local","reqId":"req-2","req":{"method":"GET","url":"/me","host":"127.0.0.1:3000","remoteAddress":"127.0.0.1","remotePort":64785},"msg":"incoming request"}
{"level":30,"time":1783980308251,"pid":58684,"hostname":"Siddhants-MacBook-Pro.local","reqId":"req-2","res":{"statusCode":200},"responseTime":5.437542000000121,"msg":"request completed"}
  ✅ default subscribed false
{"level":30,"time":1783980308262,"pid":58684,"hostname":"Siddhants-MacBook-Pro.local","reqId":"req-3","req":{"method":"POST","url":"/beta/redeem","host":"127.0.0.1:3000","remoteAddress":"127.0.0.1","remotePort":64786},"msg":"incoming request"}
{"level":30,"time":1783980308268,"pid":58684,"hostname":"Siddhants-MacBook-Pro.local","reqId":"req-3","res":{"statusCode":200},"responseTime":5.673957999999857,"msg":"request completed"}
{"level":30,"time":1783980308275,"pid":58684,"hostname":"Siddhants-MacBook-Pro.local","reqId":"req-4","req":{"method":"GET","url":"/me","host":"127.0.0.1:3000","remoteAddress":"127.0.0.1","remotePort":64787},"msg":"incoming request"}
{"level":30,"time":1783980308278,"pid":58684,"hostname":"Siddhants-MacBook-Pro.local","reqId":"req-4","res":{"statusCode":200},"responseTime":3.157542000000376,"msg":"request completed"}
  ✅ redeem sets subscribed true
[4/4] Typecheck

> grace-api@0.1.0 typecheck
> tsc --noEmit

scripts/verify-phase5.sh: line 13: 58684 Terminated: 15          node dist/index.js
  ✅ tsc --noEmit
=== Results: 5 passed, 0 failed ===
Phase 5 E2E: PASS

──────────────────────────────────────────────────────────────
exit_code: 0
result:    PASS
log_file:  docs/runs/phase5-20260713T220435Z-98cf1b1.log
══════════════════════════════════════════════════════════════
