══════════════════════════════════════════════════════════════
Grace E2E Record
══════════════════════════════════════════════════════════════
phase:       phase2
recorded_at: 20260713T214952Z (UTC)
git_branch:  backend-dev
git_sha:     1df58525a76a15bd8e9bcd37a00fcf1ce64d3e5a
git_sha_short: 1df5852
git_tree:    dirty
node:        v25.6.1
platform:    Darwin 24.6.0 arm64
cwd:         /Users/siddhant/Desktop/CS/grace-expo-sid/backend
command:     npm run verify:phase2
DATABASE_URL: postgresql://grace:grace@localhost:5433/grace
STAGING_API_URL: <not set>
JWT_SECRET:  <default test secret>
──────────────────────────────────────────────────────────────


> grace-api@0.1.0 verify:phase2
> bash scripts/verify-phase2.sh

=== Grace Phase 2 E2E Verification ===
DATABASE_URL=postgresql://grace:grace@localhost:5433/grace

[1/8] Phase 1 gate (prerequisite)
=== Grace Phase 1 E2E Verification ===
DATABASE_URL=postgresql://grace:grace@localhost:5433/grace

[1/7] Docker Postgres (SEL-6)
 Container backend-postgres-1  Running
 Container backend-postgres-1  Waiting
 Container backend-postgres-1  Healthy
/var/run/postgresql:5432 - accepting connections
  ✅ postgres healthy
[2/7] Install & generate (SEL-7)
warn The configuration property `package.json#prisma` is deprecated and will be removed in Prisma 7. Please migrate to a Prisma config file (e.g., `prisma.config.ts`).
For more information, see: https://pris.ly/prisma-config

Prisma schema loaded from prisma/schema.prisma

✔ Generated Prisma Client (v6.19.3) to ./node_modules/@prisma/client in 48ms

Start by importing your Prisma Client (See: https://pris.ly/d/importing-client)

Tip: Interested in query caching in just a few lines of code? Try Accelerate today! https://pris.ly/tip-3-accelerate

  ✅ prisma generate
[3/7] Migrations (SEL-9)
warn The configuration property `package.json#prisma` is deprecated and will be removed in Prisma 7. Please migrate to a Prisma config file (e.g., `prisma.config.ts`).
For more information, see: https://pris.ly/prisma-config

Prisma schema loaded from prisma/schema.prisma
Datasource "db": PostgreSQL database "grace", schema "public" at "localhost:5433"

1 migration found in prisma/migrations


No pending migrations to apply.
  ✅ prisma migrate deploy
[4/7] KJV prepare + seed (SEL-8, SEL-11)

> grace-api@0.1.0 seed:prepare
> tsx scripts/prepare-kjv.ts

Fetching 5 chapter(s) from bible-api.com…
  [1/5] Psalms 23
  [2/5] John 3
  [3/5] Philippians 4
  [4/5] Isaiah 40
  [5/5] Romans 15
Wrote 129 verses → /Users/siddhant/Desktop/CS/grace-expo-sid/backend/data/kjv.normalized.json
  ✅ seed:prepare (sample)

> grace-api@0.1.0 seed:bible
> tsx scripts/seed-bible.ts

Seeded 129 verses (129 total in bible_verse)
  ✅ seed:bible
[5/7] Integration tests (SEL-9, SEL-11)

> grace-api@0.1.0 test
> tsx --test test/**/*.test.ts

▶ Phase 1 — database schema (SEL-9)
  ✔ all required tables exist (17.590667ms)
  ✔ user + profile roundtrip (11.004709ms)
✔ Phase 1 — database schema (SEL-9) (49.063458ms)
▶ Phase 1 — KJV seed (SEL-8 / SEL-11)
  ✔ Psalms 23 has 6 verses (11.364625ms)
  ✔ verse text matches known KJV opening (1.711875ms)
✔ Phase 1 — KJV seed (SEL-8 / SEL-11) (13.473792ms)
▶ Phase 2 — scripture HTTP (SEL-12)
  ✔ GET /bible/psalms/23 returns 6 verses (13.378542ms)
  ✔ GET /bible/passage?ref=John+3:16 returns text (2.72125ms)
  ✔ GET /today/verse is stable for UTC day (2.312292ms)
  ✔ GET /verse/for-carrying?tags=Worry maps to Philippians (1.342084ms)
  ✔ GET /bible/unknown/99 returns 404 (0.380334ms)
✔ Phase 2 — scripture HTTP (SEL-12) (101.156959ms)
▶ Phase 2 — guest JWT auth (SEL-10)
  ✔ POST /auth/guest creates session (13.352875ms)
  ✔ same deviceId returns same user id (9.01675ms)
  ✔ GET /me returns 401 without token (0.373458ms)
  ✔ GET /me returns user with valid token (8.004042ms)
  ✔ POST /auth/refresh returns new session (6.617625ms)
✔ Phase 2 — guest JWT auth (SEL-10) (39.305583ms)
ℹ tests 14
ℹ suites 4
ℹ pass 14
ℹ fail 0
ℹ cancelled 0
ℹ skipped 0
ℹ todo 0
ℹ duration_ms 363.641292
  ✅ npm test
[6/7] API health with DB (SEL-7)

> grace-api@0.1.0 build
> prisma generate && tsc

warn The configuration property `package.json#prisma` is deprecated and will be removed in Prisma 7. Please migrate to a Prisma config file (e.g., `prisma.config.ts`).
For more information, see: https://pris.ly/prisma-config

Prisma schema loaded from prisma/schema.prisma

✔ Generated Prisma Client (v6.19.3) to ./node_modules/@prisma/client in 42ms

Start by importing your Prisma Client (See: https://pris.ly/d/importing-client)

Tip: Want to turn off tips and other hints? https://pris.ly/tip-4-nohints

{"level":30,"time":1783979400367,"pid":44785,"hostname":"Siddhants-MacBook-Pro.local","msg":"Server listening at http://127.0.0.1:3000"}
{"level":30,"time":1783979400367,"pid":44785,"hostname":"Siddhants-MacBook-Pro.local","msg":"Server listening at http://192.168.1.156:3000"}
{"level":30,"time":1783979401983,"pid":44785,"hostname":"Siddhants-MacBook-Pro.local","reqId":"req-1","req":{"method":"GET","url":"/health","host":"127.0.0.1:3000","remoteAddress":"127.0.0.1","remotePort":63207},"msg":"incoming request"}
{"level":30,"time":1783979402017,"pid":44785,"hostname":"Siddhants-MacBook-Pro.local","reqId":"req-1","res":{"statusCode":200},"responseTime":33.81154199999992,"msg":"request completed"}
  response: {"ok":true,"db":true}
  ✅ health ok=true
  ✅ health db=true
[7/7] Typecheck

> grace-api@0.1.0 typecheck
> tsc --noEmit

./scripts/verify-phase1.sh: line 12: 44785 Terminated: 15          node dist/index.js
  ✅ tsc --noEmit

=== Results: 9 passed, 0 failed ===
Phase 1 E2E: PASS
  ✅ phase1 prerequisite
[2/8] Build

> grace-api@0.1.0 build
> prisma generate && tsc

warn The configuration property `package.json#prisma` is deprecated and will be removed in Prisma 7. Please migrate to a Prisma config file (e.g., `prisma.config.ts`).
For more information, see: https://pris.ly/prisma-config

Prisma schema loaded from prisma/schema.prisma

✔ Generated Prisma Client (v6.19.3) to ./node_modules/@prisma/client in 40ms

Start by importing your Prisma Client (See: https://pris.ly/d/importing-client)

Tip: Need your database queries to be 1000x faster? Accelerate offers you that and more: https://pris.ly/tip-2-accelerate

  ✅ tsc build
[3/8] Integration tests (Phase 1 + 2)

> grace-api@0.1.0 test
> tsx --test test/**/*.test.ts

▶ Phase 1 — database schema (SEL-9)
  ✔ all required tables exist (15.732167ms)
  ✔ user + profile roundtrip (13.531166ms)
✔ Phase 1 — database schema (SEL-9) (285.430708ms)
▶ Phase 1 — KJV seed (SEL-8 / SEL-11)
  ✔ Psalms 23 has 6 verses (13.48825ms)
  ✔ verse text matches known KJV opening (1.301916ms)
✔ Phase 1 — KJV seed (SEL-8 / SEL-11) (15.316583ms)
▶ Phase 2 — scripture HTTP (SEL-12)
  ✔ GET /bible/psalms/23 returns 6 verses (9.489875ms)
  ✔ GET /bible/passage?ref=John+3:16 returns text (2.117917ms)
  ✔ GET /today/verse is stable for UTC day (1.951416ms)
  ✔ GET /verse/for-carrying?tags=Worry maps to Philippians (1.376834ms)
  ✔ GET /bible/unknown/99 returns 404 (0.554ms)
✔ Phase 2 — scripture HTTP (SEL-12) (246.439917ms)
▶ Phase 2 — guest JWT auth (SEL-10)
  ✔ POST /auth/guest creates session (10.923709ms)
  ✔ same deviceId returns same user id (6.367791ms)
  ✔ GET /me returns 401 without token (0.386291ms)
  ✔ GET /me returns user with valid token (5.250875ms)
  ✔ POST /auth/refresh returns new session (4.289041ms)
✔ Phase 2 — guest JWT auth (SEL-10) (29.61375ms)
ℹ tests 14
ℹ suites 4
ℹ pass 14
ℹ fail 0
ℹ cancelled 0
ℹ skipped 0
ℹ todo 0
ℹ duration_ms 487.096209
  ✅ npm test
[4/8] Scripture HTTP (SEL-12)

> grace-api@0.1.0 build
> prisma generate && tsc

warn The configuration property `package.json#prisma` is deprecated and will be removed in Prisma 7. Please migrate to a Prisma config file (e.g., `prisma.config.ts`).
For more information, see: https://pris.ly/prisma-config

Prisma schema loaded from prisma/schema.prisma

✔ Generated Prisma Client (v6.19.3) to ./node_modules/@prisma/client in 39ms

Start by importing your Prisma Client (See: https://pris.ly/d/importing-client)

Tip: Want to turn off tips and other hints? https://pris.ly/tip-4-nohints

{"level":30,"time":1783979407081,"pid":44946,"hostname":"Siddhants-MacBook-Pro.local","msg":"Server listening at http://127.0.0.1:3000"}
{"level":30,"time":1783979407081,"pid":44946,"hostname":"Siddhants-MacBook-Pro.local","msg":"Server listening at http://192.168.1.156:3000"}
{"level":30,"time":1783979408691,"pid":44946,"hostname":"Siddhants-MacBook-Pro.local","reqId":"req-1","req":{"method":"GET","url":"/bible/psalms/23","host":"127.0.0.1:3000","remoteAddress":"127.0.0.1","remotePort":63218},"msg":"incoming request"}
{"level":30,"time":1783979408723,"pid":44946,"hostname":"Siddhants-MacBook-Pro.local","reqId":"req-1","res":{"statusCode":200},"responseTime":31.498583999999937,"msg":"request completed"}
  GET /bible/psalms/23: {"reference":"Psalm 23","verses":[{"n":1,"t":"The LORD\nis my shepherd; I shall not want."},{"n":2,"t":"He maketh me to ...
  ✅ psalms 23 has 6 verses
  ✅ psalms 23 reference
{"level":30,"time":1783979408977,"pid":44946,"hostname":"Siddhants-MacBook-Pro.local","reqId":"req-2","req":{"method":"GET","url":"/bible/passage?ref=John+3:16","host":"127.0.0.1:3000","remoteAddress":"127.0.0.1","remotePort":63220},"msg":"incoming request"}
{"level":30,"time":1783979408980,"pid":44946,"hostname":"Siddhants-MacBook-Pro.local","reqId":"req-2","res":{"statusCode":200},"responseTime":2.889874999999847,"msg":"request completed"}
  GET /bible/passage?ref=John+3:16: {"ref":"John 3:16","text":"For God so loved the world, that he gave his only begotten Son, that whosoever believeth in him should not perish, but have everlasting life."}
  ✅ john 3:16 has text
{"level":30,"time":1783979408993,"pid":44946,"hostname":"Siddhants-MacBook-Pro.local","reqId":"req-3","req":{"method":"GET","url":"/today/verse","host":"127.0.0.1:3000","remoteAddress":"127.0.0.1","remotePort":63221},"msg":"incoming request"}
{"level":30,"time":1783979408996,"pid":44946,"hostname":"Siddhants-MacBook-Pro.local","reqId":"req-3","res":{"statusCode":200},"responseTime":2.6849170000000413,"msg":"request completed"}
  GET /today/verse: {"ref":"Psalm 23:1","text":"The LORD\nis my shepherd; I shall not want."}
  ✅ today verse stable shape
{"level":30,"time":1783979409008,"pid":44946,"hostname":"Siddhants-MacBook-Pro.local","reqId":"req-4","req":{"method":"GET","url":"/verse/for-carrying?tags=Worry,Hope","host":"127.0.0.1:3000","remoteAddress":"127.0.0.1","remotePort":63222},"msg":"incoming request"}
{"level":30,"time":1783979409009,"pid":44946,"hostname":"Siddhants-MacBook-Pro.local","reqId":"req-4","res":{"statusCode":200},"responseTime":1.3177080000000387,"msg":"request completed"}
  GET /verse/for-carrying: {"ref":"Philippians 4:6-7","text":"Be careful for nothing; but in every thing by prayer and supplication with thanksgiving let your requests be made known unto God. And the peace of God, which passeth all understanding, shall keep your hearts and minds through Christ Jesus."}
  ✅ carrying maps Worry
[5/8] Guest auth (SEL-10)
{"level":30,"time":1783979409023,"pid":44946,"hostname":"Siddhants-MacBook-Pro.local","reqId":"req-5","req":{"method":"POST","url":"/auth/guest","host":"127.0.0.1:3000","remoteAddress":"127.0.0.1","remotePort":63223},"msg":"incoming request"}
{"level":30,"time":1783979409034,"pid":44946,"hostname":"Siddhants-MacBook-Pro.local","reqId":"req-5","res":{"statusCode":200},"responseTime":11.140374999999949,"msg":"request completed"}
  POST /auth/guest: {"session":{"accessToken":"eyJhbGciOiJIUzI1NiJ9.eyJ0eXBlIjoiYWNjZXNzIiwic3ViIjoi...
  ✅ guest returns accessToken
{"level":30,"time":1783979409215,"pid":44946,"hostname":"Siddhants-MacBook-Pro.local","reqId":"req-6","req":{"method":"GET","url":"/me","host":"127.0.0.1:3000","remoteAddress":"127.0.0.1","remotePort":63224},"msg":"incoming request"}
{"level":30,"time":1783979409218,"pid":44946,"hostname":"Siddhants-MacBook-Pro.local","reqId":"req-6","res":{"statusCode":200},"responseTime":3.238166999999976,"msg":"request completed"}
  ✅ GET /me with token
{"level":30,"time":1783979409231,"pid":44946,"hostname":"Siddhants-MacBook-Pro.local","reqId":"req-7","req":{"method":"GET","url":"/me","host":"127.0.0.1:3000","remoteAddress":"127.0.0.1","remotePort":63225},"msg":"incoming request"}
{"level":30,"time":1783979409231,"pid":44946,"hostname":"Siddhants-MacBook-Pro.local","reqId":"req-7","res":{"statusCode":401},"responseTime":0.26016600000002654,"msg":"request completed"}
  ✅ GET /me without token → 401
{"level":30,"time":1783979409240,"pid":44946,"hostname":"Siddhants-MacBook-Pro.local","reqId":"req-8","req":{"method":"POST","url":"/auth/guest","host":"127.0.0.1:3000","remoteAddress":"127.0.0.1","remotePort":63226},"msg":"incoming request"}
{"level":30,"time":1783979409245,"pid":44946,"hostname":"Siddhants-MacBook-Pro.local","reqId":"req-8","res":{"statusCode":200},"responseTime":4.595749999999953,"msg":"request completed"}
  ✅ same deviceId → same user id
[6/8] Typecheck

> grace-api@0.1.0 typecheck
> tsc --noEmit

scripts/verify-phase2.sh: line 12: 44946 Terminated: 15          node dist/index.js
  ✅ tsc --noEmit

=== Results: 13 passed, 0 failed ===
Phase 2 E2E: PASS

──────────────────────────────────────────────────────────────
exit_code: 0
result:    PASS
log_file:  docs/runs/phase2-20260713T214952Z-1df5852.log
══════════════════════════════════════════════════════════════
